Build started 2014-11-26 11:17:22 PM.
     1>Project "C:\Users\Jack\Other\Desktop\BulletPlayGround\LinearMath\LinearMath.vcxproj" on node 2 (Rebuild target(s)).
     1>ClCompile:
         C:\Program Files (x86)\Microsoft Visual Studio 11.0\VC\bin\CL.exe /c /I..\..\src /Zi /nologo /W3 /WX- /Od /Oy- /D _VARIADIC_MAX=10 /Gm- /EHsc /RTC1 /MDd /GS /Gy /fp:fast /Zc:wchar_t /Zc:forScope /Fo"obj\x32\Debug\LinearMath\\" /Fd"C:\Users\Jack\Other\Desktop\BulletPlayGround\\bin\LinearMath_vs2010_debug.pdb" /Gd /TP /analyze- /errorReport:prompt /MP btAlignedAllocator.cpp btConvexHull.cpp btConvexHullComputer.cpp btGeometryUtil.cpp btPolarDecomposition.cpp btQuickprof.cpp btSerializer.cpp btVector3.cpp
         btAlignedAllocator.cpp
         btConvexHull.cpp
         btConvexHullComputer.cpp
         btGeometryUtil.cpp
         btPolarDecomposition.cpp
         btQuickprof.cpp
         btSerializer.cpp
         btVector3.cpp
       Lib:
         C:\Program Files (x86)\Microsoft Visual Studio 11.0\VC\bin\Lib.exe /OUT:"C:\Users\Jack\Other\Desktop\BulletPlayGround\\bin\LinearMath_vs2010_debug.lib" /NOLOGO /MACHINE:X86 obj\x32\Debug\LinearMath\btAlignedAllocator.obj
         obj\x32\Debug\LinearMath\btConvexHull.obj
         obj\x32\Debug\LinearMath\btConvexHullComputer.obj
         obj\x32\Debug\LinearMath\btGeometryUtil.obj
         obj\x32\Debug\LinearMath\btPolarDecomposition.obj
         obj\x32\Debug\LinearMath\btQuickprof.obj
         obj\x32\Debug\LinearMath\btSerializer.obj
         obj\x32\Debug\LinearMath\btVector3.obj
         LinearMath.vcxproj -> C:\Users\Jack\Other\Desktop\BulletPlayGround\\bin\LinearMath_vs2010_debug.lib
     1>Done Building Project "C:\Users\Jack\Other\Desktop\BulletPlayGround\LinearMath\LinearMath.vcxproj" (Rebuild target(s)).

Build succeeded.

Time Elapsed 00:00:01.13
