C:\USERS\FHOSN\DOWNLOADS\BULLETPLAYGROUND\BIN\LINEARMATH_VS2010_DEBUG.PDB
C:\USERS\FHOSN\DOWNLOADS\BULLETPLAYGROUND\BIN\LINEARMATH_VS2010_DEBUG.LIB
C:\Users\Jack\Other\Desktop\BulletPlayGround\LinearMath\obj\x32\Debug\LinearMath\btAlignedAllocator.obj
C:\Users\Jack\Other\Desktop\BulletPlayGround\LinearMath\obj\x32\Debug\LinearMath\btConvexHull.obj
C:\Users\Jack\Other\Desktop\BulletPlayGround\LinearMath\obj\x32\Debug\LinearMath\btConvexHullComputer.obj
C:\Users\Jack\Other\Desktop\BulletPlayGround\LinearMath\obj\x32\Debug\LinearMath\btGeometryUtil.obj
C:\Users\Jack\Other\Desktop\BulletPlayGround\LinearMath\obj\x32\Debug\LinearMath\btPolarDecomposition.obj
C:\Users\Jack\Other\Desktop\BulletPlayGround\LinearMath\obj\x32\Debug\LinearMath\btQuickprof.obj
C:\Users\Jack\Other\Desktop\BulletPlayGround\LinearMath\obj\x32\Debug\LinearMath\btSerializer.obj
C:\Users\Jack\Other\Desktop\BulletPlayGround\LinearMath\obj\x32\Debug\LinearMath\btVector3.obj
C:\Users\Jack\Other\Desktop\BulletPlayGround\LinearMath\obj\x32\Debug\LinearMath\CL.2880.read.1.tlog
C:\Users\Jack\Other\Desktop\BulletPlayGround\LinearMath\obj\x32\Debug\LinearMath\CL.2880.write.1.tlog
C:\Users\Jack\Other\Desktop\BulletPlayGround\LinearMath\obj\x32\Debug\LinearMath\CL.3928.read.1.tlog
C:\Users\Jack\Other\Desktop\BulletPlayGround\LinearMath\obj\x32\Debug\LinearMath\CL.3928.write.1.tlog
C:\Users\Jack\Other\Desktop\BulletPlayGround\LinearMath\obj\x32\Debug\LinearMath\CL.4152.read.1.tlog
C:\Users\Jack\Other\Desktop\BulletPlayGround\LinearMath\obj\x32\Debug\LinearMath\CL.4152.write.1.tlog
C:\Users\Jack\Other\Desktop\BulletPlayGround\LinearMath\obj\x32\Debug\LinearMath\CL.4156.read.1.tlog
C:\Users\Jack\Other\Desktop\BulletPlayGround\LinearMath\obj\x32\Debug\LinearMath\CL.4156.write.1.tlog
C:\Users\Jack\Other\Desktop\BulletPlayGround\LinearMath\obj\x32\Debug\LinearMath\cl.command.1.tlog
C:\Users\Jack\Other\Desktop\BulletPlayGround\LinearMath\obj\x32\Debug\LinearMath\CL.read.1.tlog
C:\Users\Jack\Other\Desktop\BulletPlayGround\LinearMath\obj\x32\Debug\LinearMath\cl.write.1.tlog
C:\Users\Jack\Other\Desktop\BulletPlayGround\LinearMath\obj\x32\Debug\LinearMath\Lib-link.read.1.tlog
C:\Users\Jack\Other\Desktop\BulletPlayGround\LinearMath\obj\x32\Debug\LinearMath\Lib-link.write.1.tlog
C:\Users\Jack\Other\Desktop\BulletPlayGround\LinearMath\obj\x32\Debug\LinearMath\lib.command.1.tlog
C:\Users\Jack\Other\Desktop\BulletPlayGround\\bin\LinearMath_vs2010_debug.pdb
C:\Users\Jack\Other\Desktop\BulletPlayGround\\bin\LinearMath_vs2010_debug.lib
