Build started 2014-11-26 11:17:22 PM.
     1>Project "C:\Users\Jack\Other\Desktop\BulletPlayGround\BulletCollision\BulletCollision.vcxproj" on node 3 (Rebuild target(s)).
     1>ClCompile:
         C:\Program Files (x86)\Microsoft Visual Studio 11.0\VC\bin\CL.exe /c /I..\..\src /Zi /nologo /W3 /WX- /Od /Oy- /D _VARIADIC_MAX=10 /Gm- /EHsc /RTC1 /MDd /GS /Gy /fp:fast /Zc:wchar_t /Zc:forScope /Fo"obj\x32\Debug\BulletCollision\\" /Fd"C:\Users\Jack\Other\Desktop\BulletPlayGround\\bin\BulletCollision_vs2010_debug.pdb" /Gd /TP /analyze- /errorReport:prompt /MP BroadphaseCollision\btAxisSweep3.cpp BroadphaseCollision\btBroadphaseProxy.cpp BroadphaseCollision\btCollisionAlgorithm.cpp BroadphaseCollision\btDbvt.cpp BroadphaseCollision\btDbvtBroadphase.cpp BroadphaseCollision\btDispatcher.cpp BroadphaseCollision\btMultiSapBroadphase.cpp BroadphaseCollision\btOverlappingPairCache.cpp BroadphaseCollision\btQuantizedBvh.cpp BroadphaseCollision\btSimpleBroadphase.cpp CollisionDispatch\btActivatingCollisionAlgorithm.cpp CollisionDispatch\btBox2dBox2dCollisionAlgorithm.cpp CollisionDispatch\btBoxBoxCollisionAlgorithm.cpp CollisionDispatch\btBoxBoxDetector.cpp CollisionDispatch\btCollisionDispatcher.cpp CollisionDispatch\btCollisionObject.cpp CollisionDispatch\btCollisionWorld.cpp CollisionDispatch\btCollisionWorldImporter.cpp CollisionDispatch\btCompoundCollisionAlgorithm.cpp CollisionDispatch\btCompoundCompoundCollisionAlgorithm.cpp CollisionDispatch\btConvex2dConvex2dAlgorithm.cpp CollisionDispatch\btConvexConcaveCollisionAlgorithm.cpp CollisionDispatch\btConvexConvexAlgorithm.cpp CollisionDispatch\btConvexPlaneCollisionAlgorithm.cpp CollisionDispatch\btDefaultCollisionConfiguration.cpp CollisionDispatch\btEmptyCollisionAlgorithm.cpp CollisionDispatch\btGhostObject.cpp CollisionDispatch\btHashedSimplePairCache.cpp CollisionDispatch\btInternalEdgeUtility.cpp CollisionDispatch\btManifoldResult.cpp CollisionDispatch\btSimulationIslandManager.cpp CollisionDispatch\btSphereBoxCollisionAlgorithm.cpp CollisionDispatch\btSphereSphereCollisionAlgorithm.cpp CollisionDispatch\btSphereTriangleCollisionAlgorithm.cpp CollisionDispatch\btUnionFind.cpp CollisionDispatch\SphereTriangleDetector.cpp CollisionShapes\btBox2dShape.cpp CollisionShapes\btBoxShape.cpp CollisionShapes\btBvhTriangleMeshShape.cpp CollisionShapes\btCapsuleShape.cpp CollisionShapes\btCollisionShape.cpp CollisionShapes\btCompoundShape.cpp CollisionShapes\btConcaveShape.cpp CollisionShapes\btConeShape.cpp CollisionShapes\btConvex2dShape.cpp CollisionShapes\btConvexHullShape.cpp CollisionShapes\btConvexInternalShape.cpp CollisionShapes\btConvexPointCloudShape.cpp CollisionShapes\btConvexPolyhedron.cpp CollisionShapes\btConvexShape.cpp CollisionShapes\btConvexTriangleMeshShape.cpp CollisionShapes\btCylinderShape.cpp CollisionShapes\btEmptyShape.cpp CollisionShapes\btHeightfieldTerrainShape.cpp CollisionShapes\btMinkowskiSumShape.cpp CollisionShapes\btMultimaterialTriangleMeshShape.cpp CollisionShapes\btMultiSphereShape.cpp CollisionShapes\btOptimizedBvh.cpp CollisionShapes\btPolyhedralConvexShape.cpp CollisionShapes\btScaledBvhTriangleMeshShape.cpp CollisionShapes\btShapeHull.cpp CollisionShapes\btSphereShape.cpp CollisionShapes\btStaticPlaneShape.cpp CollisionShapes\btStridingMeshInterface.cpp CollisionShapes\btTetrahedronShape.cpp CollisionShapes\btTriangleBuffer.cpp CollisionShapes\btTriangleCallback.cpp CollisionShapes\btTriangleIndexVertexArray.cpp CollisionShapes\btTriangleIndexVertexMaterialArray.cpp CollisionShapes\btTriangleMesh.cpp CollisionShapes\btTriangleMeshShape.cpp CollisionShapes\btUniformScalingShape.cpp Gimpact\btContactProcessing.cpp Gimpact\btGenericPoolAllocator.cpp Gimpact\btGImpactBvh.cpp Gimpact\btGImpactCollisionAlgorithm.cpp Gimpact\btGImpactQuantizedBvh.cpp Gimpact\btGImpactShape.cpp Gimpact\btTriangleShapeEx.cpp Gimpact\gim_box_set.cpp Gimpact\gim_contact.cpp Gimpact\gim_memory.cpp Gimpact\gim_tri_collision.cpp NarrowPhaseCollision\btContinuousConvexCollision.cpp NarrowPhaseCollision\btConvexCast.cpp NarrowPhaseCollision\btGjkConvexCast.cpp NarrowPhaseCollision\btGjkEpa2.cpp NarrowPhaseCollision\btGjkEpaPenetrationDepthSolver.cpp NarrowPhaseCollision\btGjkPairDetector.cpp NarrowPhaseCollision\btMinkowskiPenetrationDepthSolver.cpp NarrowPhaseCollision\btPersistentManifold.cpp NarrowPhaseCollision\btPolyhedralContactClipping.cpp NarrowPhaseCollision\btRaycastCallback.cpp NarrowPhaseCollision\btSubSimplexConvexCast.cpp NarrowPhaseCollision\btVoronoiSimplexSolver.cpp
         btAxisSweep3.cpp
         btBroadphaseProxy.cpp
         btCollisionAlgorithm.cpp
         btDbvt.cpp
         btDbvtBroadphase.cpp
         btDispatcher.cpp
         btMultiSapBroadphase.cpp
         btOverlappingPairCache.cpp
         btQuantizedBvh.cpp
         btSimpleBroadphase.cpp
         btActivatingCollisionAlgorithm.cpp
         btBox2dBox2dCollisionAlgorithm.cpp
         btBoxBoxCollisionAlgorithm.cpp
         btBoxBoxDetector.cpp
         btCollisionDispatcher.cpp
         btCollisionObject.cpp
         btCollisionWorld.cpp
         btCollisionWorldImporter.cpp
         btCompoundCollisionAlgorithm.cpp
         btCompoundCompoundCollisionAlgorithm.cpp
         btConvex2dConvex2dAlgorithm.cpp
         btConvexConcaveCollisionAlgorithm.cpp
         btConvexConvexAlgorithm.cpp
         btConvexPlaneCollisionAlgorithm.cpp
         btDefaultCollisionConfiguration.cpp
     1>c:\users\jack\other\desktop\bulletplayground\LinearMath/btSerializer.h(141): warning C4099: 'btBulletSerializedArrays' : type name first seen using 'class' now seen using 'struct' (CollisionDispatch\btCollisionWorldImporter.cpp)
                 c:\users\jack\other\desktop\bulletplayground\bulletcollision\collisiondispatch\btCollisionWorldImporter.h(27) : see declaration of 'btBulletSerializedArrays'
         btEmptyCollisionAlgorithm.cpp
         btGhostObject.cpp
         btHashedSimplePairCache.cpp
         btInternalEdgeUtility.cpp
         btManifoldResult.cpp
         btSimulationIslandManager.cpp
         btSphereBoxCollisionAlgorithm.cpp
         btSphereSphereCollisionAlgorithm.cpp
         btSphereTriangleCollisionAlgorithm.cpp
         btUnionFind.cpp
         SphereTriangleDetector.cpp
         btBox2dShape.cpp
         btBoxShape.cpp
         btBvhTriangleMeshShape.cpp
         btCapsuleShape.cpp
         btCollisionShape.cpp
         btCompoundShape.cpp
         btConcaveShape.cpp
         btConeShape.cpp
         btConvex2dShape.cpp
         btConvexHullShape.cpp
         btConvexInternalShape.cpp
         btConvexPointCloudShape.cpp
         btConvexPolyhedron.cpp
         btConvexShape.cpp
         btConvexTriangleMeshShape.cpp
         btCylinderShape.cpp
         btEmptyShape.cpp
         btHeightfieldTerrainShape.cpp
         btMinkowskiSumShape.cpp
         btMultimaterialTriangleMeshShape.cpp
         btMultiSphereShape.cpp
         btOptimizedBvh.cpp
         btPolyhedralConvexShape.cpp
         btScaledBvhTriangleMeshShape.cpp
         btShapeHull.cpp
         btSphereShape.cpp
         btStaticPlaneShape.cpp
         btStridingMeshInterface.cpp
         btTetrahedronShape.cpp
         btTriangleBuffer.cpp
         btTriangleCallback.cpp
         btTriangleIndexVertexArray.cpp
         btTriangleIndexVertexMaterialArray.cpp
         btTriangleMesh.cpp
         btTriangleMeshShape.cpp
         btUniformScalingShape.cpp
         btContactProcessing.cpp
         btGenericPoolAllocator.cpp
         btGImpactBvh.cpp
         btGImpactCollisionAlgorithm.cpp
         btGImpactQuantizedBvh.cpp
         btGImpactShape.cpp
         btTriangleShapeEx.cpp
         gim_box_set.cpp
         gim_contact.cpp
         gim_memory.cpp
         gim_tri_collision.cpp
         btContinuousConvexCollision.cpp
         btConvexCast.cpp
         btGjkConvexCast.cpp
         btGjkEpa2.cpp
         btGjkEpaPenetrationDepthSolver.cpp
         btGjkPairDetector.cpp
         btMinkowskiPenetrationDepthSolver.cpp
         btPersistentManifold.cpp
         btPolyhedralContactClipping.cpp
         btRaycastCallback.cpp
         btSubSimplexConvexCast.cpp
         btVoronoiSimplexSolver.cpp
       Lib:
         C:\Program Files (x86)\Microsoft Visual Studio 11.0\VC\bin\Lib.exe /OUT:"C:\Users\Jack\Other\Desktop\BulletPlayGround\\bin\BulletCollision_vs2010_debug.lib" /NOLOGO /MACHINE:X86 obj\x32\Debug\BulletCollision\btAxisSweep3.obj
         obj\x32\Debug\BulletCollision\btBroadphaseProxy.obj
         obj\x32\Debug\BulletCollision\btCollisionAlgorithm.obj
         obj\x32\Debug\BulletCollision\btDbvt.obj
         obj\x32\Debug\BulletCollision\btDbvtBroadphase.obj
         obj\x32\Debug\BulletCollision\btDispatcher.obj
         obj\x32\Debug\BulletCollision\btMultiSapBroadphase.obj
         obj\x32\Debug\BulletCollision\btOverlappingPairCache.obj
         obj\x32\Debug\BulletCollision\btQuantizedBvh.obj
         obj\x32\Debug\BulletCollision\btSimpleBroadphase.obj
         obj\x32\Debug\BulletCollision\btActivatingCollisionAlgorithm.obj
         obj\x32\Debug\BulletCollision\btBox2dBox2dCollisionAlgorithm.obj
         obj\x32\Debug\BulletCollision\btBoxBoxCollisionAlgorithm.obj
         obj\x32\Debug\BulletCollision\btBoxBoxDetector.obj
         obj\x32\Debug\BulletCollision\btCollisionDispatcher.obj
         obj\x32\Debug\BulletCollision\btCollisionObject.obj
         obj\x32\Debug\BulletCollision\btCollisionWorld.obj
         obj\x32\Debug\BulletCollision\btCollisionWorldImporter.obj
         obj\x32\Debug\BulletCollision\btCompoundCollisionAlgorithm.obj
         obj\x32\Debug\BulletCollision\btCompoundCompoundCollisionAlgorithm.obj
         obj\x32\Debug\BulletCollision\btConvex2dConvex2dAlgorithm.obj
         obj\x32\Debug\BulletCollision\btConvexConcaveCollisionAlgorithm.obj
         obj\x32\Debug\BulletCollision\btConvexConvexAlgorithm.obj
         obj\x32\Debug\BulletCollision\btConvexPlaneCollisionAlgorithm.obj
         obj\x32\Debug\BulletCollision\btDefaultCollisionConfiguration.obj
         obj\x32\Debug\BulletCollision\btEmptyCollisionAlgorithm.obj
         obj\x32\Debug\BulletCollision\btGhostObject.obj
         obj\x32\Debug\BulletCollision\btHashedSimplePairCache.obj
         obj\x32\Debug\BulletCollision\btInternalEdgeUtility.obj
         obj\x32\Debug\BulletCollision\btManifoldResult.obj
         obj\x32\Debug\BulletCollision\btSimulationIslandManager.obj
         obj\x32\Debug\BulletCollision\btSphereBoxCollisionAlgorithm.obj
         obj\x32\Debug\BulletCollision\btSphereSphereCollisionAlgorithm.obj
         obj\x32\Debug\BulletCollision\btSphereTriangleCollisionAlgorithm.obj
         obj\x32\Debug\BulletCollision\btUnionFind.obj
         obj\x32\Debug\BulletCollision\SphereTriangleDetector.obj
         obj\x32\Debug\BulletCollision\btBox2dShape.obj
         obj\x32\Debug\BulletCollision\btBoxShape.obj
         obj\x32\Debug\BulletCollision\btBvhTriangleMeshShape.obj
         obj\x32\Debug\BulletCollision\btCapsuleShape.obj
         obj\x32\Debug\BulletCollision\btCollisionShape.obj
         obj\x32\Debug\BulletCollision\btCompoundShape.obj
         obj\x32\Debug\BulletCollision\btConcaveShape.obj
         obj\x32\Debug\BulletCollision\btConeShape.obj
         obj\x32\Debug\BulletCollision\btConvex2dShape.obj
         obj\x32\Debug\BulletCollision\btConvexHullShape.obj
         obj\x32\Debug\BulletCollision\btConvexInternalShape.obj
         obj\x32\Debug\BulletCollision\btConvexPointCloudShape.obj
         obj\x32\Debug\BulletCollision\btConvexPolyhedron.obj
         obj\x32\Debug\BulletCollision\btConvexShape.obj
         obj\x32\Debug\BulletCollision\btConvexTriangleMeshShape.obj
         obj\x32\Debug\BulletCollision\btCylinderShape.obj
         obj\x32\Debug\BulletCollision\btEmptyShape.obj
         obj\x32\Debug\BulletCollision\btHeightfieldTerrainShape.obj
         obj\x32\Debug\BulletCollision\btMinkowskiSumShape.obj
         obj\x32\Debug\BulletCollision\btMultimaterialTriangleMeshShape.obj
         obj\x32\Debug\BulletCollision\btMultiSphereShape.obj
         obj\x32\Debug\BulletCollision\btOptimizedBvh.obj
         obj\x32\Debug\BulletCollision\btPolyhedralConvexShape.obj
         obj\x32\Debug\BulletCollision\btScaledBvhTriangleMeshShape.obj
         obj\x32\Debug\BulletCollision\btShapeHull.obj
         obj\x32\Debug\BulletCollision\btSphereShape.obj
         obj\x32\Debug\BulletCollision\btStaticPlaneShape.obj
         obj\x32\Debug\BulletCollision\btStridingMeshInterface.obj
         obj\x32\Debug\BulletCollision\btTetrahedronShape.obj
         obj\x32\Debug\BulletCollision\btTriangleBuffer.obj
         obj\x32\Debug\BulletCollision\btTriangleCallback.obj
         obj\x32\Debug\BulletCollision\btTriangleIndexVertexArray.obj
         obj\x32\Debug\BulletCollision\btTriangleIndexVertexMaterialArray.obj
         obj\x32\Debug\BulletCollision\btTriangleMesh.obj
         obj\x32\Debug\BulletCollision\btTriangleMeshShape.obj
         obj\x32\Debug\BulletCollision\btUniformScalingShape.obj
         obj\x32\Debug\BulletCollision\btContactProcessing.obj
         obj\x32\Debug\BulletCollision\btGenericPoolAllocator.obj
         obj\x32\Debug\BulletCollision\btGImpactBvh.obj
         obj\x32\Debug\BulletCollision\btGImpactCollisionAlgorithm.obj
         obj\x32\Debug\BulletCollision\btGImpactQuantizedBvh.obj
         obj\x32\Debug\BulletCollision\btGImpactShape.obj
         obj\x32\Debug\BulletCollision\btTriangleShapeEx.obj
         obj\x32\Debug\BulletCollision\gim_box_set.obj
         obj\x32\Debug\BulletCollision\gim_contact.obj
         obj\x32\Debug\BulletCollision\gim_memory.obj
         obj\x32\Debug\BulletCollision\gim_tri_collision.obj
         obj\x32\Debug\BulletCollision\btContinuousConvexCollision.obj
         obj\x32\Debug\BulletCollision\btConvexCast.obj
         obj\x32\Debug\BulletCollision\btGjkConvexCast.obj
         obj\x32\Debug\BulletCollision\btGjkEpa2.obj
         obj\x32\Debug\BulletCollision\btGjkEpaPenetrationDepthSolver.obj
         obj\x32\Debug\BulletCollision\btGjkPairDetector.obj
         obj\x32\Debug\BulletCollision\btMinkowskiPenetrationDepthSolver.obj
         obj\x32\Debug\BulletCollision\btPersistentManifold.obj
         obj\x32\Debug\BulletCollision\btPolyhedralContactClipping.obj
         obj\x32\Debug\BulletCollision\btRaycastCallback.obj
         obj\x32\Debug\BulletCollision\btSubSimplexConvexCast.obj
         obj\x32\Debug\BulletCollision\btVoronoiSimplexSolver.obj
     1>btBroadphaseProxy.obj : warning LNK4221: This object file does not define any previously undefined public symbols, so it will not be used by any link operation that consumes this library
         BulletCollision.vcxproj -> C:\Users\Jack\Other\Desktop\BulletPlayGround\\bin\BulletCollision_vs2010_debug.lib
     1>Done Building Project "C:\Users\Jack\Other\Desktop\BulletPlayGround\BulletCollision\BulletCollision.vcxproj" (Rebuild target(s)).

Build succeeded.

Time Elapsed 00:00:06.30
