Build started 11/27/2014 12:35:02 PM.
     1>Project "C:\Users\SCTCAD\PhysicsEngine\BulletPlayGround\BulletPlayGround\BulletPlayGround.vcxproj" on node 2 (Build target(s)).
     1>ClCompile:
         C:\Program Files (x86)\Microsoft Visual Studio 11.0\VC\bin\CL.exe /c /ZI /nologo /W3 /WX- /Od /Oy- /D WIN32 /D _DEBUG /D _CONSOLE /D _UNICODE /D UNICODE /Gm /EHsc /RTC1 /MDd /GS /fp:precise /Zc:wchar_t /Zc:forScope /Fo"Debug\\" /Fd"Debug\vc110.pdb" /Gd /TP /analyze- /errorReport:prompt Entity.cpp GraphicsComponent.cpp PhysicsComponent.cpp main.cpp
         main.cpp
     1>c:\users\sctcad\physicsengine\bulletplayground\bulletplayground\main.cpp(162): warning C4065: switch statement contains 'default' but no 'case' labels
         PhysicsComponent.cpp
     1>c:\users\sctcad\physicsengine\bulletplayground\linearmath\btdefaultmotionstate.h(7): warning C4099: 'btDefaultMotionState' : type name first seen using 'class' now seen using 'struct'
                 c:\users\sctcad\physicsengine\bulletplayground\bulletplayground\physicsmanager.h(14) : see declaration of 'btDefaultMotionState'
     1>c:\users\sctcad\physicsengine\bulletplayground\bulletplayground\physicscomponent.cpp(30): warning C4244: 'argument' : conversion from 'double' to 'btScalar', possible loss of data
         Generating Code...
         Compiling...
         GraphicsComponent.cpp
         Entity.cpp
         Generating Code...
       Link:
         C:\Program Files (x86)\Microsoft Visual Studio 11.0\VC\bin\link.exe /ERRORREPORT:PROMPT /OUT:"C:\Users\SCTCAD\PhysicsEngine\BulletPlayGround\Debug\BulletPlayGround.exe" /INCREMENTAL /NOLOGO /LIBPATH:C:\Users\SCTCAD\PhysicsEngine\BulletPlayGround\\bin\ BulletCollision_vs2010_debug.lib BulletDynamics_vs2010_debug.lib LinearMath_vs2010_debug.lib SDL2.lib SDL2main.lib SDL2test.lib OpenGL32.lib kernel32.lib user32.lib gdi32.lib winspool.lib comdlg32.lib advapi32.lib shell32.lib ole32.lib oleaut32.lib uuid.lib odbc32.lib odbccp32.lib /MANIFEST /MANIFESTUAC:"level='asInvoker' uiAccess='false'" /manifest:embed /DEBUG /PDB:"C:\Users\SCTCAD\PhysicsEngine\BulletPlayGround\Debug\BulletPlayGround.pdb" /SUBSYSTEM:CONSOLE /TLBID:1 /DYNAMICBASE /NXCOMPAT /IMPLIB:"C:\Users\SCTCAD\PhysicsEngine\BulletPlayGround\Debug\BulletPlayGround.lib" /MACHINE:X86 Debug\Entity.obj
         Debug\GraphicsComponent.obj
         Debug\main.obj
         Debug\PhysicsComponent.obj
         Debug\PhysicsManager.obj
         BulletPlayGround.vcxproj -> C:\Users\SCTCAD\PhysicsEngine\BulletPlayGround\Debug\BulletPlayGround.exe
     1>Done Building Project "C:\Users\SCTCAD\PhysicsEngine\BulletPlayGround\BulletPlayGround\BulletPlayGround.vcxproj" (Build target(s)).

Build succeeded.

Time Elapsed 00:00:03.41
