C:\USERS\FHOSN\DOWNLOADS\BULLETPLAYGROUND\BULLETPLAYGROUND\DEBUG\ENTITY.OBJ
C:\USERS\FHOSN\DOWNLOADS\BULLETPLAYGROUND\BULLETPLAYGROUND\DEBUG\GRAPHICSCOMPONENT.OBJ
C:\USERS\FHOSN\DOWNLOADS\BULLETPLAYGROUND\BULLETPLAYGROUND\DEBUG\MAIN.OBJ
C:\USERS\FHOSN\DOWNLOADS\BULLETPLAYGROUND\BULLETPLAYGROUND\DEBUG\PHYSICSCOMPONENT.OBJ
C:\USERS\FHOSN\DOWNLOADS\BULLETPLAYGROUND\BULLETPLAYGROUND\DEBUG\PHYSICSMANAGER.OBJ
C:\USERS\FHOSN\DOWNLOADS\BULLETPLAYGROUND\BULLETPLAYGROUND\DEBUG\VC110.PDB
C:\USERS\FHOSN\DOWNLOADS\BULLETPLAYGROUND\DEBUG\BULLETPLAYGROUND.ILK
C:\USERS\FHOSN\DOWNLOADS\BULLETPLAYGROUND\DEBUG\BULLETPLAYGROUND.EXE
C:\USERS\FHOSN\DOWNLOADS\BULLETPLAYGROUND\DEBUG\BULLETPLAYGROUND.PDB
C:\Users\Jack\Other\Desktop\BulletPlayGround\BulletPlayGround\Debug\Entity.obj
C:\Users\Jack\Other\Desktop\BulletPlayGround\BulletPlayGround\Debug\GraphicsComponent.obj
C:\Users\Jack\Other\Desktop\BulletPlayGround\BulletPlayGround\Debug\main.obj
C:\Users\Jack\Other\Desktop\BulletPlayGround\BulletPlayGround\Debug\PhysicsComponent.obj
C:\Users\Jack\Other\Desktop\BulletPlayGround\BulletPlayGround\Debug\PhysicsManager.obj
C:\Users\Jack\Other\Desktop\BulletPlayGround\BulletPlayGround\Debug\cl.command.1.tlog
C:\Users\Jack\Other\Desktop\BulletPlayGround\BulletPlayGround\Debug\CL.read.1.tlog
C:\Users\Jack\Other\Desktop\BulletPlayGround\BulletPlayGround\Debug\CL.write.1.tlog
C:\Users\Jack\Other\Desktop\BulletPlayGround\BulletPlayGround\Debug\link-cvtres.read.1.tlog
C:\Users\Jack\Other\Desktop\BulletPlayGround\BulletPlayGround\Debug\link-cvtres.write.1.tlog
C:\Users\Jack\Other\Desktop\BulletPlayGround\BulletPlayGround\Debug\link-rc.read.1.tlog
C:\Users\Jack\Other\Desktop\BulletPlayGround\BulletPlayGround\Debug\link-rc.write.1.tlog
C:\Users\Jack\Other\Desktop\BulletPlayGround\BulletPlayGround\Debug\link.16616-cvtres.read.1.tlog
C:\Users\Jack\Other\Desktop\BulletPlayGround\BulletPlayGround\Debug\link.16616-cvtres.write.1.tlog
C:\Users\Jack\Other\Desktop\BulletPlayGround\BulletPlayGround\Debug\link.16616-rc.read.1.tlog
C:\Users\Jack\Other\Desktop\BulletPlayGround\BulletPlayGround\Debug\link.16616-rc.write.1.tlog
C:\Users\Jack\Other\Desktop\BulletPlayGround\BulletPlayGround\Debug\link.16616.read.1.tlog
C:\Users\Jack\Other\Desktop\BulletPlayGround\BulletPlayGround\Debug\link.16616.write.1.tlog
C:\Users\Jack\Other\Desktop\BulletPlayGround\BulletPlayGround\Debug\link.5108-cvtres.read.1.tlog
C:\Users\Jack\Other\Desktop\BulletPlayGround\BulletPlayGround\Debug\link.5108-cvtres.write.1.tlog
C:\Users\Jack\Other\Desktop\BulletPlayGround\BulletPlayGround\Debug\link.5108-rc.read.1.tlog
C:\Users\Jack\Other\Desktop\BulletPlayGround\BulletPlayGround\Debug\link.5108-rc.write.1.tlog
C:\Users\Jack\Other\Desktop\BulletPlayGround\BulletPlayGround\Debug\link.5108.read.1.tlog
C:\Users\Jack\Other\Desktop\BulletPlayGround\BulletPlayGround\Debug\link.5108.write.1.tlog
C:\Users\Jack\Other\Desktop\BulletPlayGround\BulletPlayGround\Debug\link.command.1.tlog
C:\Users\Jack\Other\Desktop\BulletPlayGround\BulletPlayGround\Debug\link.read.1.tlog
C:\Users\Jack\Other\Desktop\BulletPlayGround\BulletPlayGround\Debug\link.write.1.tlog
C:\Users\Jack\Other\Desktop\BulletPlayGround\BulletPlayGround\Debug\vc110.idb
C:\Users\Jack\Other\Desktop\BulletPlayGround\BulletPlayGround\Debug\vc110.pdb
C:\Users\Jack\Other\Desktop\BulletPlayGround\Debug\BulletPlayGround.pdb
C:\Users\Jack\Other\Desktop\BulletPlayGround\Debug\BulletPlayGround.exe
C:\Users\Jack\Other\Desktop\BulletPlayGround\Debug\BulletPlayGround.ilk
