C:\USERS\FHOSN\DOWNLOADS\BULLETPLAYGROUND\BIN\BULLETDYNAMICS_VS2010_DEBUG.PDB
C:\USERS\FHOSN\DOWNLOADS\BULLETPLAYGROUND\BIN\BULLETDYNAMICS_VS2010_DEBUG.LIB
C:\Users\Jack\Other\Desktop\BulletPlayGround\BulletDynamics\obj\x32\Debug\BulletDynamics\btConeTwistConstraint.obj
C:\Users\Jack\Other\Desktop\BulletPlayGround\BulletDynamics\obj\x32\Debug\BulletDynamics\btContactConstraint.obj
C:\Users\Jack\Other\Desktop\BulletPlayGround\BulletDynamics\obj\x32\Debug\BulletDynamics\btDantzigLCP.obj
C:\Users\Jack\Other\Desktop\BulletPlayGround\BulletDynamics\obj\x32\Debug\BulletDynamics\btDiscreteDynamicsWorld.obj
C:\Users\Jack\Other\Desktop\BulletPlayGround\BulletDynamics\obj\x32\Debug\BulletDynamics\btFixedConstraint.obj
C:\Users\Jack\Other\Desktop\BulletPlayGround\BulletDynamics\obj\x32\Debug\BulletDynamics\btGearConstraint.obj
C:\Users\Jack\Other\Desktop\BulletPlayGround\BulletDynamics\obj\x32\Debug\BulletDynamics\btGeneric6DofConstraint.obj
C:\Users\Jack\Other\Desktop\BulletPlayGround\BulletDynamics\obj\x32\Debug\BulletDynamics\btGeneric6DofSpring2Constraint.obj
C:\Users\Jack\Other\Desktop\BulletPlayGround\BulletDynamics\obj\x32\Debug\BulletDynamics\btGeneric6DofSpringConstraint.obj
C:\Users\Jack\Other\Desktop\BulletPlayGround\BulletDynamics\obj\x32\Debug\BulletDynamics\btHinge2Constraint.obj
C:\Users\Jack\Other\Desktop\BulletPlayGround\BulletDynamics\obj\x32\Debug\BulletDynamics\btHingeConstraint.obj
C:\Users\Jack\Other\Desktop\BulletPlayGround\BulletDynamics\obj\x32\Debug\BulletDynamics\btKinematicCharacterController.obj
C:\Users\Jack\Other\Desktop\BulletPlayGround\BulletDynamics\obj\x32\Debug\BulletDynamics\btLemkeAlgorithm.obj
C:\Users\Jack\Other\Desktop\BulletPlayGround\BulletDynamics\obj\x32\Debug\BulletDynamics\btMLCPSolver.obj
C:\Users\Jack\Other\Desktop\BulletPlayGround\BulletDynamics\obj\x32\Debug\BulletDynamics\btMultiBody.obj
C:\Users\Jack\Other\Desktop\BulletPlayGround\BulletDynamics\obj\x32\Debug\BulletDynamics\btMultiBodyConstraint.obj
C:\Users\Jack\Other\Desktop\BulletPlayGround\BulletDynamics\obj\x32\Debug\BulletDynamics\btMultiBodyConstraintSolver.obj
C:\Users\Jack\Other\Desktop\BulletPlayGround\BulletDynamics\obj\x32\Debug\BulletDynamics\btMultiBodyDynamicsWorld.obj
C:\Users\Jack\Other\Desktop\BulletPlayGround\BulletDynamics\obj\x32\Debug\BulletDynamics\btMultiBodyJointLimitConstraint.obj
C:\Users\Jack\Other\Desktop\BulletPlayGround\BulletDynamics\obj\x32\Debug\BulletDynamics\btMultiBodyJointMotor.obj
C:\Users\Jack\Other\Desktop\BulletPlayGround\BulletDynamics\obj\x32\Debug\BulletDynamics\btMultiBodyPoint2Point.obj
C:\Users\Jack\Other\Desktop\BulletPlayGround\BulletDynamics\obj\x32\Debug\BulletDynamics\btNNCGConstraintSolver.obj
C:\Users\Jack\Other\Desktop\BulletPlayGround\BulletDynamics\obj\x32\Debug\BulletDynamics\btPoint2PointConstraint.obj
C:\Users\Jack\Other\Desktop\BulletPlayGround\BulletDynamics\obj\x32\Debug\BulletDynamics\btRaycastVehicle.obj
C:\Users\Jack\Other\Desktop\BulletPlayGround\BulletDynamics\obj\x32\Debug\BulletDynamics\btRigidBody.obj
C:\Users\Jack\Other\Desktop\BulletPlayGround\BulletDynamics\obj\x32\Debug\BulletDynamics\btSequentialImpulseConstraintSolver.obj
C:\Users\Jack\Other\Desktop\BulletPlayGround\BulletDynamics\obj\x32\Debug\BulletDynamics\btSimpleDynamicsWorld.obj
C:\Users\Jack\Other\Desktop\BulletPlayGround\BulletDynamics\obj\x32\Debug\BulletDynamics\btSliderConstraint.obj
C:\Users\Jack\Other\Desktop\BulletPlayGround\BulletDynamics\obj\x32\Debug\BulletDynamics\btSolve2LinearConstraint.obj
C:\Users\Jack\Other\Desktop\BulletPlayGround\BulletDynamics\obj\x32\Debug\BulletDynamics\btTypedConstraint.obj
C:\Users\Jack\Other\Desktop\BulletPlayGround\BulletDynamics\obj\x32\Debug\BulletDynamics\btUniversalConstraint.obj
C:\Users\Jack\Other\Desktop\BulletPlayGround\BulletDynamics\obj\x32\Debug\BulletDynamics\btWheelInfo.obj
C:\Users\Jack\Other\Desktop\BulletPlayGround\BulletDynamics\obj\x32\Debug\BulletDynamics\CL.1868.read.1.tlog
C:\Users\Jack\Other\Desktop\BulletPlayGround\BulletDynamics\obj\x32\Debug\BulletDynamics\CL.1868.write.1.tlog
C:\Users\Jack\Other\Desktop\BulletPlayGround\BulletDynamics\obj\x32\Debug\BulletDynamics\CL.2364.read.1.tlog
C:\Users\Jack\Other\Desktop\BulletPlayGround\BulletDynamics\obj\x32\Debug\BulletDynamics\CL.2364.write.1.tlog
C:\Users\Jack\Other\Desktop\BulletPlayGround\BulletDynamics\obj\x32\Debug\BulletDynamics\CL.2976.read.1.tlog
C:\Users\Jack\Other\Desktop\BulletPlayGround\BulletDynamics\obj\x32\Debug\BulletDynamics\CL.2976.write.1.tlog
C:\Users\Jack\Other\Desktop\BulletPlayGround\BulletDynamics\obj\x32\Debug\BulletDynamics\CL.3684.read.1.tlog
C:\Users\Jack\Other\Desktop\BulletPlayGround\BulletDynamics\obj\x32\Debug\BulletDynamics\CL.3684.write.1.tlog
C:\Users\Jack\Other\Desktop\BulletPlayGround\BulletDynamics\obj\x32\Debug\BulletDynamics\cl.command.1.tlog
C:\Users\Jack\Other\Desktop\BulletPlayGround\BulletDynamics\obj\x32\Debug\BulletDynamics\CL.read.1.tlog
C:\Users\Jack\Other\Desktop\BulletPlayGround\BulletDynamics\obj\x32\Debug\BulletDynamics\cl.write.1.tlog
C:\Users\Jack\Other\Desktop\BulletPlayGround\BulletDynamics\obj\x32\Debug\BulletDynamics\Lib-link.read.1.tlog
C:\Users\Jack\Other\Desktop\BulletPlayGround\BulletDynamics\obj\x32\Debug\BulletDynamics\Lib-link.write.1.tlog
C:\Users\Jack\Other\Desktop\BulletPlayGround\BulletDynamics\obj\x32\Debug\BulletDynamics\lib.command.1.tlog
C:\Users\Jack\Other\Desktop\BulletPlayGround\\bin\BulletDynamics_vs2010_debug.pdb
C:\Users\Jack\Other\Desktop\BulletPlayGround\\bin\BulletDynamics_vs2010_debug.lib
